Started GET "/" for 127.0.0.1 at 2018-02-27 11:47:45 +0100
Processing by ShowsController#index as HTML
  Rendering shows/index.html.erb within layouts/application
  Rendered shows/index.html.erb within layouts/application (2.2ms)
Completed 200 OK in 560ms (Views: 547.2ms | ActiveRecord: 0.0ms)


Started GET "/" for 127.0.0.1 at 2018-02-27 11:50:14 +0100
Processing by ShowsController#index as HTML
  Rendering shows/index.html.erb within layouts/application
  Rendered shows/index.html.erb within layouts/application (2.4ms)
Completed 200 OK in 656ms (Views: 643.2ms | ActiveRecord: 0.0ms)


Started GET "/" for 127.0.0.1 at 2018-02-27 11:51:02 +0100
Processing by ShowsController#index as HTML
  Rendering shows/index.html.erb within layouts/application
  Rendered shows/index.html.erb within layouts/application (33.9ms)
Completed 200 OK in 244ms (Views: 221.2ms | ActiveRecord: 0.0ms)


Started GET "/" for 127.0.0.1 at 2018-02-27 12:51:14 +0100
Processing by ShowsController#index as HTML
  Rendering shows/index.html.erb within layouts/application
  Rendered shows/index.html.erb within layouts/application (10.7ms)
Completed 200 OK in 438ms (Views: 422.8ms | ActiveRecord: 0.0ms)


Started GET "/" for 127.0.0.1 at 2018-02-27 12:52:52 +0100
Processing by ShowsController#index as HTML
  Rendering shows/index.html.erb within layouts/application
  Rendered shows/index.html.erb within layouts/application (40.3ms)
Completed 200 OK in 716ms (Views: 693.9ms | ActiveRecord: 0.0ms)


Started GET "/" for 127.0.0.1 at 2018-02-27 12:53:31 +0100
Processing by ShowsController#index as HTML
  Rendering shows/index.html.erb within layouts/application
  Rendered shows/index.html.erb within layouts/application (6.5ms)
Completed 200 OK in 751ms (Views: 652.2ms | ActiveRecord: 0.0ms)


Started GET "/" for 127.0.0.1 at 2018-02-28 09:33:49 +0100
Processing by ShowsController#index as HTML
  Rendering shows/index.html.erb within layouts/application
  Rendered shows/index.html.erb within layouts/application (2.7ms)
Completed 200 OK in 379ms (Views: 362.0ms | ActiveRecord: 0.0ms)


Started GET "/" for 127.0.0.1 at 2018-02-28 10:39:00 +0100
Processing by ShowsController#index as HTML
  Rendering shows/index.html.erb within layouts/application
  Rendered shows/index.html.erb within layouts/application (2.4ms)
Completed 200 OK in 320ms (Views: 307.3ms | ActiveRecord: 0.0ms)


Started GET "/" for 127.0.0.1 at 2018-02-28 10:45:15 +0100
Processing by ShowsController#index as HTML
  Rendering shows/index.html.erb within layouts/application
  Rendered shows/index.html.erb within layouts/application (3.4ms)
Completed 200 OK in 325ms (Views: 313.8ms | ActiveRecord: 0.0ms)


Started GET "/" for 127.0.0.1 at 2018-02-28 10:48:23 +0100
Processing by ShowsController#index as HTML
  Rendering shows/index.html.erb within layouts/application
  Rendered shows/index.html.erb within layouts/application (2.0ms)
Completed 200 OK in 41ms (Views: 34.2ms | ActiveRecord: 0.0ms)


Started GET "/" for 127.0.0.1 at 2018-02-28 10:57:59 +0100
Processing by ShowsController#index as HTML
  Rendering shows/index.html.erb within layouts/application
  Rendered shows/index.html.erb within layouts/application (5.9ms)
Completed 200 OK in 293ms (Views: 274.4ms | ActiveRecord: 0.0ms)


Started GET "/" for 127.0.0.1 at 2018-02-28 10:58:34 +0100
Processing by ShowsController#index as HTML
  Rendering shows/index.html.erb within layouts/application
  Rendered shows/index.html.erb within layouts/application (2.5ms)
Completed 200 OK in 146ms (Views: 142.2ms | ActiveRecord: 0.0ms)


Started GET "/" for 127.0.0.1 at 2018-02-28 21:24:49 +0100
Processing by ShowsController#index as HTML
  Rendering shows/index.html.erb within layouts/application
  Rendered shows/index.html.erb within layouts/application (2.9ms)
Completed 200 OK in 301ms (Views: 281.9ms | ActiveRecord: 0.0ms)


Started GET "/" for 127.0.0.1 at 2018-02-28 21:25:47 +0100
Processing by ShowsController#index as HTML
  Rendering shows/index.html.erb within layouts/application
  Rendered shows/index.html.erb within layouts/application (1.6ms)
Completed 200 OK in 44ms (Views: 40.0ms | ActiveRecord: 0.0ms)


Started GET "/" for 127.0.0.1 at 2018-02-28 21:27:09 +0100
Processing by ShowsController#index as HTML
  Rendering shows/index.html.erb within layouts/application
  Rendered shows/index.html.erb within layouts/application (1.2ms)
Completed 200 OK in 50ms (Views: 47.1ms | ActiveRecord: 0.0ms)


Started GET "/" for 127.0.0.1 at 2018-02-28 21:27:22 +0100
Processing by ShowsController#index as HTML
  Rendering shows/index.html.erb within layouts/application
  Rendered shows/index.html.erb within layouts/application (1.4ms)
Completed 200 OK in 31ms (Views: 27.5ms | ActiveRecord: 0.0ms)


Started GET "/" for 127.0.0.1 at 2018-02-28 21:28:03 +0100
Processing by ShowsController#index as HTML
  Rendering shows/index.html.erb within layouts/application
  Rendered shows/index.html.erb within layouts/application (15.9ms)
Completed 200 OK in 237ms (Views: 228.7ms | ActiveRecord: 0.0ms)


Started GET "/" for 127.0.0.1 at 2018-02-28 21:53:47 +0100
Processing by ShowsController#index as HTML
  Rendering shows/index.html.erb within layouts/application
  Rendered shows/index.html.erb within layouts/application (8.2ms)
Completed 200 OK in 177ms (Views: 163.6ms | ActiveRecord: 0.0ms)


Started GET "/" for 127.0.0.1 at 2018-02-28 22:12:29 +0100
Processing by ShowsController#index as HTML
  Rendering shows/index.html.erb within layouts/application
  Rendered shows/index.html.erb within layouts/application (2.7ms)
Completed 200 OK in 349ms (Views: 334.4ms | ActiveRecord: 0.0ms)


Started GET "/" for 127.0.0.1 at 2018-03-01 09:39:08 +0100
Processing by ShowsController#index as HTML
  Rendering shows/index.html.erb within layouts/application
  Rendered shows/index.html.erb within layouts/application (15.2ms)
Completed 200 OK in 187ms (Views: 151.2ms | ActiveRecord: 0.0ms)


Started GET "/" for 127.0.0.1 at 2018-03-01 09:43:13 +0100
Processing by ShowsController#index as HTML
  Rendering shows/index.html.erb within layouts/application
  Rendered shows/index.html.erb within layouts/application (2.4ms)
Completed 200 OK in 243ms (Views: 232.1ms | ActiveRecord: 0.0ms)


Started GET "/" for 127.0.0.1 at 2018-03-01 09:43:49 +0100
Processing by ShowsController#index as HTML
  Rendering shows/index.html.erb within layouts/application
  Rendered shows/index.html.erb within layouts/application (1.3ms)
Completed 200 OK in 50ms (Views: 46.6ms | ActiveRecord: 0.0ms)


Started GET "/conversations/1/messages" for 127.0.0.1 at 2018-03-01 09:44:32 +0100
  
ActionController::RoutingError (No route matches [GET] "/conversations/1/messages"):
  
actionpack (5.0.6) lib/action_dispatch/middleware/debug_exceptions.rb:53:in `call'
web-console (3.5.1) lib/web_console/middleware.rb:135:in `call_app'
web-console (3.5.1) lib/web_console/middleware.rb:28:in `block in call'
web-console (3.5.1) lib/web_console/middleware.rb:18:in `catch'
web-console (3.5.1) lib/web_console/middleware.rb:18:in `call'
actionpack (5.0.6) lib/action_dispatch/middleware/show_exceptions.rb:31:in `call'
railties (5.0.6) lib/rails/rack/logger.rb:36:in `call_app'
railties (5.0.6) lib/rails/rack/logger.rb:24:in `block in call'
activesupport (5.0.6) lib/active_support/tagged_logging.rb:69:in `block in tagged'
activesupport (5.0.6) lib/active_support/tagged_logging.rb:26:in `tagged'
activesupport (5.0.6) lib/active_support/tagged_logging.rb:69:in `tagged'
railties (5.0.6) lib/rails/rack/logger.rb:24:in `call'
sprockets-rails (3.2.1) lib/sprockets/rails/quiet_assets.rb:13:in `call'
actionpack (5.0.6) lib/action_dispatch/middleware/request_id.rb:24:in `call'
rack (2.0.4) lib/rack/method_override.rb:22:in `call'
rack (2.0.4) lib/rack/runtime.rb:22:in `call'
activesupport (5.0.6) lib/active_support/cache/strategy/local_cache_middleware.rb:28:in `call'
actionpack (5.0.6) lib/action_dispatch/middleware/executor.rb:12:in `call'
actionpack (5.0.6) lib/action_dispatch/middleware/static.rb:136:in `call'
rack (2.0.4) lib/rack/sendfile.rb:111:in `call'
railties (5.0.6) lib/rails/engine.rb:522:in `call'
puma (3.11.2) lib/puma/configuration.rb:225:in `call'
puma (3.11.2) lib/puma/server.rb:624:in `handle_request'
puma (3.11.2) lib/puma/server.rb:438:in `process_client'
puma (3.11.2) lib/puma/server.rb:302:in `block in run'
puma (3.11.2) lib/puma/thread_pool.rb:120:in `block in spawn_thread'
  Rendering /Users/kanji/.rbenv/versions/2.3.0/lib/ruby/gems/2.3.0/gems/actionpack-5.0.6/lib/action_dispatch/middleware/templates/rescues/routing_error.html.erb within rescues/layout
  Rendering /Users/kanji/.rbenv/versions/2.3.0/lib/ruby/gems/2.3.0/gems/actionpack-5.0.6/lib/action_dispatch/middleware/templates/rescues/_trace.html.erb
  Rendered /Users/kanji/.rbenv/versions/2.3.0/lib/ruby/gems/2.3.0/gems/actionpack-5.0.6/lib/action_dispatch/middleware/templates/rescues/_trace.html.erb (1.8ms)
  Rendered collection of /Users/kanji/.rbenv/versions/2.3.0/lib/ruby/gems/2.3.0/gems/actionpack-5.0.6/lib/action_dispatch/middleware/templates/routes/_route.html.erb [2 times] (63.1ms)
  Rendered /Users/kanji/.rbenv/versions/2.3.0/lib/ruby/gems/2.3.0/gems/actionpack-5.0.6/lib/action_dispatch/middleware/templates/routes/_table.html.erb (21.4ms)
  Rendering /Users/kanji/.rbenv/versions/2.3.0/lib/ruby/gems/2.3.0/gems/actionpack-5.0.6/lib/action_dispatch/middleware/templates/rescues/_request_and_response.html.erb
  Rendered /Users/kanji/.rbenv/versions/2.3.0/lib/ruby/gems/2.3.0/gems/actionpack-5.0.6/lib/action_dispatch/middleware/templates/rescues/_request_and_response.html.erb (1.5ms)
  Rendered /Users/kanji/.rbenv/versions/2.3.0/lib/ruby/gems/2.3.0/gems/actionpack-5.0.6/lib/action_dispatch/middleware/templates/rescues/routing_error.html.erb within rescues/layout (313.0ms)
Started GET "/conversations/1/messages" for 127.0.0.1 at 2018-03-01 09:44:33 +0100
  
ActionController::RoutingError (No route matches [GET] "/conversations/1/messages"):
  
actionpack (5.0.6) lib/action_dispatch/middleware/debug_exceptions.rb:53:in `call'
web-console (3.5.1) lib/web_console/middleware.rb:135:in `call_app'
web-console (3.5.1) lib/web_console/middleware.rb:28:in `block in call'
web-console (3.5.1) lib/web_console/middleware.rb:18:in `catch'
web-console (3.5.1) lib/web_console/middleware.rb:18:in `call'
actionpack (5.0.6) lib/action_dispatch/middleware/show_exceptions.rb:31:in `call'
railties (5.0.6) lib/rails/rack/logger.rb:36:in `call_app'
railties (5.0.6) lib/rails/rack/logger.rb:24:in `block in call'
activesupport (5.0.6) lib/active_support/tagged_logging.rb:69:in `block in tagged'
activesupport (5.0.6) lib/active_support/tagged_logging.rb:26:in `tagged'
activesupport (5.0.6) lib/active_support/tagged_logging.rb:69:in `tagged'
railties (5.0.6) lib/rails/rack/logger.rb:24:in `call'
sprockets-rails (3.2.1) lib/sprockets/rails/quiet_assets.rb:13:in `call'
actionpack (5.0.6) lib/action_dispatch/middleware/request_id.rb:24:in `call'
rack (2.0.4) lib/rack/method_override.rb:22:in `call'
rack (2.0.4) lib/rack/runtime.rb:22:in `call'
activesupport (5.0.6) lib/active_support/cache/strategy/local_cache_middleware.rb:28:in `call'
actionpack (5.0.6) lib/action_dispatch/middleware/executor.rb:12:in `call'
actionpack (5.0.6) lib/action_dispatch/middleware/static.rb:136:in `call'
rack (2.0.4) lib/rack/sendfile.rb:111:in `call'
railties (5.0.6) lib/rails/engine.rb:522:in `call'
puma (3.11.2) lib/puma/configuration.rb:225:in `call'
puma (3.11.2) lib/puma/server.rb:624:in `handle_request'
puma (3.11.2) lib/puma/server.rb:438:in `process_client'
puma (3.11.2) lib/puma/server.rb:302:in `block in run'
puma (3.11.2) lib/puma/thread_pool.rb:120:in `block in spawn_thread'
  Rendering /Users/kanji/.rbenv/versions/2.3.0/lib/ruby/gems/2.3.0/gems/actionpack-5.0.6/lib/action_dispatch/middleware/templates/rescues/routing_error.html.erb within rescues/layout
  Rendering /Users/kanji/.rbenv/versions/2.3.0/lib/ruby/gems/2.3.0/gems/actionpack-5.0.6/lib/action_dispatch/middleware/templates/rescues/_trace.html.erb
  Rendered /Users/kanji/.rbenv/versions/2.3.0/lib/ruby/gems/2.3.0/gems/actionpack-5.0.6/lib/action_dispatch/middleware/templates/rescues/_trace.html.erb (1.0ms)
  Rendered collection of /Users/kanji/.rbenv/versions/2.3.0/lib/ruby/gems/2.3.0/gems/actionpack-5.0.6/lib/action_dispatch/middleware/templates/routes/_route.html.erb [2 times] (1.7ms)
  Rendered /Users/kanji/.rbenv/versions/2.3.0/lib/ruby/gems/2.3.0/gems/actionpack-5.0.6/lib/action_dispatch/middleware/templates/routes/_table.html.erb (1.0ms)
  Rendering /Users/kanji/.rbenv/versions/2.3.0/lib/ruby/gems/2.3.0/gems/actionpack-5.0.6/lib/action_dispatch/middleware/templates/rescues/_request_and_response.html.erb
  Rendered /Users/kanji/.rbenv/versions/2.3.0/lib/ruby/gems/2.3.0/gems/actionpack-5.0.6/lib/action_dispatch/middleware/templates/rescues/_request_and_response.html.erb (0.8ms)
  Rendered /Users/kanji/.rbenv/versions/2.3.0/lib/ruby/gems/2.3.0/gems/actionpack-5.0.6/lib/action_dispatch/middleware/templates/rescues/routing_error.html.erb within rescues/layout (150.8ms)
Started GET "/" for 127.0.0.1 at 2018-03-01 09:44:48 +0100
Processing by ShowsController#index as HTML
  Rendering shows/index.html.erb within layouts/application
  Rendered shows/index.html.erb within layouts/application (1.5ms)
Completed 200 OK in 46ms (Views: 41.1ms | ActiveRecord: 0.0ms)


